<?xml version="1.0" encoding="UTF-8"?>
<!-- Generated by org.testng.reporters.JUnitReportReporter -->
<testsuite skipped="0" hostname="A2ML20943" name="com.fisdom.flightbooking.testcaserunner.TestRunner" tests="1" failures="0" timestamp="08 May 2020 20:23:48 GMT" time="16.358" errors="0">
  <testcase name="test" time="16.358" classname="com.fisdom.flightbooking.testcaserunner.TestRunner"/>
</testsuite> <!-- com.fisdom.flightbooking.testcaserunner.TestRunner -->
