<?xml version="1.0" encoding="UTF-8"?>
<!-- Generated by org.testng.reporters.JUnitReportReporter -->
<testsuite skipped="0" hostname="A2ML20943" name="com.flightbooking.testcaserunner.TestRunner" tests="5" failures="0" timestamp="12 May 2020 17:46:41 GMT" time="38.997" errors="0">
  <testcase name="flightDatesNegativeFlow" time="9.924" classname="com.flightbooking.testcaserunner.TestRunner"/>
  <testcase name="onewayTripTestFlow" time="0.004" classname="com.flightbooking.testcaserunner.TestRunner"/>
  <testcase name="registrationNegativeFlow" time="11.011" classname="com.flightbooking.testcaserunner.TestRunner"/>
  <testcase name="cardDetailsNegativeFlow" time="18.016" classname="com.flightbooking.testcaserunner.TestRunner"/>
  <testcase name="roundwayFlightFlow" time="0.042" classname="com.flightbooking.testcaserunner.TestRunner"/>
</testsuite> <!-- com.flightbooking.testcaserunner.TestRunner -->
