<?xml version="1.0" encoding="UTF-8"?>
<!-- Generated by org.testng.reporters.JUnitReportReporter -->
<testsuite skipped="0" hostname="A2ML20943" name="com.fisdom.flightbooking.App" tests="1" failures="0" timestamp="07 May 2020 18:18:58 GMT" time="0.016" errors="0">
  <testcase name="main" time="0.016" classname="com.fisdom.flightbooking.App"/>
</testsuite> <!-- com.fisdom.flightbooking.App -->
